<?xml version="1.0" encoding="UTF-8"?>
<testng-results skipped="0" failed="0" ignored="0" total="1" passed="1">
  <reporter-output>
  </reporter-output>
  <suite name="Default suite" duration-ms="4367" started-at="2023-08-27T09:09:44 IST" finished-at="2023-08-27T09:09:48 IST">
    <groups>
    </groups>
    <test name="Default test" duration-ms="4367" started-at="2023-08-27T09:09:44 IST" finished-at="2023-08-27T09:09:48 IST">
      <class name="extentreports.c1">
        <test-method status="PASS" signature="startTest()[pri:0, instance:extentreports.c1@3d921e20]" name="startTest" is-config="true" duration-ms="159" started-at="2023-08-27T09:09:44 IST" finished-at="2023-08-27T09:09:44 IST">
          <reporter-output>
          </reporter-output>
        </test-method> <!-- startTest -->
        <test-method status="PASS" signature="extentReportsDemo()[pri:0, instance:extentreports.c1@3d921e20]" name="extentReportsDemo" duration-ms="3871" started-at="2023-08-27T09:09:44 IST" finished-at="2023-08-27T09:09:48 IST">
          <reporter-output>
          </reporter-output>
        </test-method> <!-- extentReportsDemo -->
        <test-method status="PASS" signature="endTest()[pri:0, instance:extentreports.c1@3d921e20]" name="endTest" is-config="true" duration-ms="303" started-at="2023-08-27T09:09:48 IST" finished-at="2023-08-27T09:09:48 IST">
          <reporter-output>
          </reporter-output>
        </test-method> <!-- endTest -->
      </class> <!-- extentreports.c1 -->
    </test> <!-- Default test -->
  </suite> <!-- Default suite -->
</testng-results>
